TF5E68F40 000:002.486   SEGGER J-Link V8.44a Log File
TF5E68F40 000:002.698   DLL Compiled: Jun 18 2025 16:32:45
TF5E68F40 000:002.702   Logging started @ 2025-07-31 06:48
TF5E68F40 000:002.706   Process: /Users/kim_kyoungkun/.eclipse/com.renesas.platform_589702750/DebugComp/RA/e2-server-gdb
TF5E68F40 000:002.710 - 2.709ms 
TF5E68F40 000:002.716 JLINK_GetDLLVersion()
TF5E68F40 000:002.719 - 0.004ms returns 84401
TF5E68F40 000:007.306 JLINK_OpenEx(...)
TF5E68F40 000:013.230   Firmware: J-Link OB-RA4M2 compiled Apr  1 2025 10:13:55
TF5E68F40 000:013.735   Firmware: J-Link OB-RA4M2 compiled Apr  1 2025 10:13:55
TF5E68F40 000:026.512   Hardware: V1.00
TF5E68F40 000:026.522   S/N: 1088685994
TF5E68F40 000:026.527   OEM: SEGGER
TF5E68F40 000:026.531   Feature(s): None
TF5E68F40 000:026.890   Bootloader: 2021 May 14
TF5E68F40 000:027.255   USB speed mode: Full speed (12 MBit/s)
TF5E68F40 000:027.996   TELNET listener socket opened on port 19021
TF5E68F40 000:028.034   WEBSRV WEBSRV_Init(): Starting webserver thread(s)
TF5E68F40 000:028.126   WEBSRV Webserver running on local port 19080
TF5E68F40 000:028.140   Looking for J-Link GUI Server exe at: /Users/kim_kyoungkun/.eclipse/com.renesas.platform_589702750/DebugComp/RA/ARM/Segger_v8.44.1/JLinkGUIServerExe
TF5E68F40 000:028.157   Looking for J-Link GUI Server exe at: /Applications/SEGGER/JLink/JLinkGUIServerExe
TF5E68F40 000:028.188   Forking J-Link GUI Server: /Applications/SEGGER/JLink/JLinkGUIServerExe
TF5E68F40 000:470.773   J-Link GUI Server info: "J-Link GUI server V8.54 "
TF5E68F40 000:491.789 - 484.482ms returns "O.K."
TF5E68F40 000:491.847 JLINK_TIF_Select(JLINKARM_TIF_SWD)
TF5E68F40 000:492.340 - 0.493ms returns 0x00
TF5E68F40 000:492.347 JLINK_ClrRESET()
TF5E68F40 000:492.574 - 0.228ms 
TF5E68F40 000:546.727 JLINK_SetSpeed(1500)
TF5E68F40 000:546.905 - 0.179ms 
TF5E68F40 000:546.913 JLINK_CORESIGHT_Configure(PerformTIFInit=0)
TF5E68F40 000:547.295 - 0.383ms returns 0
TF5E68F40 000:547.305 JLINK_CORESIGHT_ReadAPDPReg(DP reg 0x00)
TF5E68F40 000:547.706   Value=0x6BA02477
TF5E68F40 000:547.714 - 0.408ms returns 0
TF5E68F40 000:547.718 JLINK_CORESIGHT_WriteAPDPReg(DP reg 0x00, 0x0000001F)
TF5E68F40 000:547.919 - 0.202ms returns 0
TF5E68F40 000:547.925 JLINK_CORESIGHT_ReadAPDPReg(DP reg 0x00)
TF5E68F40 000:548.129   Value=0x6BA02477
TF5E68F40 000:548.136 - 0.211ms returns 0
TF5E68F40 000:548.140 JLINK_CORESIGHT_WriteAPDPReg(DP reg 0x02, 0x00000000)
TF5E68F40 000:548.347 - 0.207ms returns 0
TF5E68F40 000:548.354 JLINK_CORESIGHT_WriteAPDPReg(DP reg 0x01, 0x50000000)
TF5E68F40 000:548.567 - 0.213ms returns 0
TF5E68F40 000:548.574 JLINK_CORESIGHT_ReadAPDPReg(DP reg 0x01)
TF5E68F40 000:548.889   Value=0xF0000000
TF5E68F40 000:548.896 - 0.322ms returns 0
TF5E68F40 000:548.901 JLINK_CORESIGHT_WriteAPDPReg(DP reg 0x00, 0x0000001F)
TF5E68F40 000:549.105 - 0.205ms returns 0
TF5E68F40 000:549.112 JLINK_CORESIGHT_ReadAPDPReg(DP reg 0x00)
TF5E68F40 000:549.305   Value=0x6BA02477
TF5E68F40 000:549.313 - 0.201ms returns 0
TF5E68F40 000:549.317 JLINK_CORESIGHT_WriteAPDPReg(DP reg 0x01, 0x54000000)
TF5E68F40 000:549.520 - 0.203ms returns 0
TF5E68F40 000:549.526 JLINK_CORESIGHT_WriteAPDPReg(DP reg 0x01, 0x50000F00)
TF5E68F40 000:549.761 - 0.236ms returns 0
TF5E68F40 000:549.767 JLINK_CORESIGHT_WriteAPDPReg(DP reg 0x02, 0x01000000)
TF5E68F40 000:549.959 - 0.192ms returns 0
TF5E68F40 000:549.965 JLINK_CORESIGHT_WriteAPDPReg(AP reg 0x00, 0x80000002)
TF5E68F40 000:550.164 - 0.199ms returns 0
TF5E68F40 000:550.172 JLINK_CORESIGHT_WriteAPDPReg(AP reg 0x01, 0x80011100)
TF5E68F40 000:550.366 - 0.194ms returns 0
TF5E68F40 000:550.372 JLINK_CORESIGHT_WriteAPDPReg(AP reg 0x03, 0x000000A5)
TF5E68F40 000:550.568 - 0.196ms returns 0
TF5E68F40 000:550.574 JLINK_CORESIGHT_WriteAPDPReg(AP reg 0x00, 0x80000002)
TF5E68F40 000:550.765 - 0.191ms returns 0
TF5E68F40 000:550.770 JLINK_CORESIGHT_WriteAPDPReg(AP reg 0x01, 0x80011100)
TF5E68F40 000:550.969 - 0.199ms returns 0
TF5E68F40 000:550.975 JLINK_CORESIGHT_ReadAPDPReg(AP reg 0x03)
TF5E68F40 000:551.225   Value=0x000000A5
TF5E68F40 000:551.244 - 0.270ms returns 0
TF5E68F40 000:551.248 JLINK_ClrTMS()
TF5E68F40 000:551.335 - 0.087ms 
TF5E68F40 000:557.532 JLINK_SetTCK()
TF5E68F40 000:557.682 - 0.149ms returns 0
TF5E68F40 000:563.908 JLINK_SetRESET()
TF5E68F40 000:569.055 - 5.147ms 
TF5E68F40 000:770.844 JLINK_CORESIGHT_WriteAPDPReg(AP reg 0x00, 0x80000002)
TF5E68F40 000:771.192 - 0.349ms returns 0
TF5E68F40 000:771.200 JLINK_CORESIGHT_WriteAPDPReg(AP reg 0x01, 0x80011100)
TF5E68F40 000:771.426 - 0.226ms returns 0
TF5E68F40 000:771.433 JLINK_CORESIGHT_ReadAPDPReg(AP reg 0x03)
TF5E68F40 000:771.704   Value=0x00000000
TF5E68F40 000:771.712 - 0.279ms returns 0
TF5E68F40 000:771.718 JLINK_CORESIGHT_WriteAPDPReg(AP reg 0x00, 0x80000002)
TF5E68F40 000:771.948 - 0.229ms returns 0
TF5E68F40 000:771.954 JLINK_CORESIGHT_WriteAPDPReg(AP reg 0x01, 0x80011140)
TF5E68F40 000:772.185 - 0.231ms returns 0
TF5E68F40 000:772.192 JLINK_CORESIGHT_ReadAPDPReg(AP reg 0x03)
TF5E68F40 000:772.468   Value=0x00000002
TF5E68F40 000:772.475 - 0.283ms returns 0
TF5E68F40 000:772.481 JLINK_CORESIGHT_WriteAPDPReg(AP reg 0x00, 0x80000002)
TF5E68F40 000:772.701 - 0.220ms returns 0
TF5E68F40 000:772.707 JLINK_CORESIGHT_WriteAPDPReg(AP reg 0x01, 0x80011120)
TF5E68F40 000:772.927 - 0.220ms returns 0
TF5E68F40 000:772.933 JLINK_CORESIGHT_WriteAPDPReg(AP reg 0x03, 0x00000055)
TF5E68F40 000:773.155 - 0.222ms returns 0
TF5E68F40 000:773.167 JLINK_CORESIGHT_WriteAPDPReg(AP reg 0x00, 0x80000002)
TF5E68F40 000:773.398 - 0.230ms returns 0
TF5E68F40 000:773.410 JLINK_CORESIGHT_WriteAPDPReg(AP reg 0x01, 0x80011140)
TF5E68F40 000:773.630 - 0.221ms returns 0
TF5E68F40 000:773.639 JLINK_CORESIGHT_ReadAPDPReg(AP reg 0x03)
TF5E68F40 000:773.995   Value=0x00000002
TF5E68F40 000:774.003 - 0.364ms returns 0
TF5E68F40 000:774.012 JLINK_CORESIGHT_ReadAPDPReg(AP reg 0x03)
TF5E68F40 000:774.268   Value=0x00000002
TF5E68F40 000:774.275 - 0.263ms returns 0
TF5E68F40 000:774.282 JLINK_CORESIGHT_ReadAPDPReg(AP reg 0x03)
TF5E68F40 000:774.526   Value=0x00000002
TF5E68F40 000:774.533 - 0.251ms returns 0
TF5E68F40 000:774.539 JLINK_CORESIGHT_ReadAPDPReg(AP reg 0x03)
TF5E68F40 000:774.780   Value=0x00000002
TF5E68F40 000:774.787 - 0.248ms returns 0
TF5E68F40 000:774.793 JLINK_CORESIGHT_ReadAPDPReg(AP reg 0x03)
TF5E68F40 000:775.104   Value=0x00000002
TF5E68F40 000:775.112 - 0.319ms returns 0
TF5E68F40 000:775.118 JLINK_CORESIGHT_ReadAPDPReg(AP reg 0x03)
TF5E68F40 000:775.352   Value=0x00000002
TF5E68F40 000:775.360 - 0.242ms returns 0
TF5E68F40 000:775.366 JLINK_CORESIGHT_ReadAPDPReg(AP reg 0x03)
TF5E68F40 000:775.603   Value=0x00000002
TF5E68F40 000:775.611 - 0.245ms returns 0
TF5E68F40 000:775.617 JLINK_CORESIGHT_ReadAPDPReg(AP reg 0x03)
TF5E68F40 000:775.910   Value=0x00000002
TF5E68F40 000:775.918 - 0.302ms returns 0
TF5E68F40 000:775.923 JLINK_CORESIGHT_ReadAPDPReg(AP reg 0x03)
TF5E68F40 000:776.183   Value=0x00000002
TF5E68F40 000:776.190 - 0.267ms returns 0
TF5E68F40 000:776.196 JLINK_CORESIGHT_ReadAPDPReg(AP reg 0x03)
TF5E68F40 000:776.460   Value=0x00000002
TF5E68F40 000:776.468 - 0.271ms returns 0
TF5E68F40 000:776.473 JLINK_CORESIGHT_ReadAPDPReg(AP reg 0x03)
TF5E68F40 000:776.718   Value=0x00000002
TF5E68F40 000:776.727 - 0.254ms returns 0
TF5E68F40 000:776.734 JLINK_CORESIGHT_ReadAPDPReg(AP reg 0x03)
TF5E68F40 000:776.986   Value=0x00000002
TF5E68F40 000:776.994 - 0.260ms returns 0
TF5E68F40 000:777.000 JLINK_CORESIGHT_ReadAPDPReg(AP reg 0x03)
TF5E68F40 000:777.249   Value=0x00000002
TF5E68F40 000:777.257 - 0.257ms returns 0
TF5E68F40 000:777.291 JLINK_CORESIGHT_ReadAPDPReg(AP reg 0x03)
TF5E68F40 000:777.604   Value=0x00000002
TF5E68F40 000:777.617 - 0.328ms returns 0
TF5E68F40 000:777.624 JLINK_CORESIGHT_ReadAPDPReg(AP reg 0x03)
TF5E68F40 000:777.881   Value=0x00000002
TF5E68F40 000:777.888 - 0.264ms returns 0
TF5E68F40 000:777.894 JLINK_CORESIGHT_ReadAPDPReg(AP reg 0x03)
TF5E68F40 000:778.144   Value=0x00000002
TF5E68F40 000:778.152 - 0.258ms returns 0
TF5E68F40 000:778.160 JLINK_CORESIGHT_ReadAPDPReg(AP reg 0x03)
TF5E68F40 000:778.423   Value=0x00000002
TF5E68F40 000:778.442 - 0.282ms returns 0
TF5E68F40 000:778.455 JLINK_CORESIGHT_ReadAPDPReg(AP reg 0x03)
TF5E68F40 000:778.719   Value=0x00000002
TF5E68F40 000:778.733 - 0.279ms returns 0
TF5E68F40 000:778.740 JLINK_CORESIGHT_ReadAPDPReg(AP reg 0x03)
TF5E68F40 000:779.050   Value=0x00000002
TF5E68F40 000:779.058 - 0.318ms returns 0
TF5E68F40 000:779.064 JLINK_CORESIGHT_ReadAPDPReg(AP reg 0x03)
TF5E68F40 000:779.318   Value=0x00000002
TF5E68F40 000:779.325 - 0.261ms returns 0
TF5E68F40 000:779.331 JLINK_CORESIGHT_ReadAPDPReg(AP reg 0x03)
TF5E68F40 000:779.574   Value=0x00000002
TF5E68F40 000:779.582 - 0.250ms returns 0
TF5E68F40 000:779.587 JLINK_CORESIGHT_ReadAPDPReg(AP reg 0x03)
TF5E68F40 000:779.826   Value=0x00000002
TF5E68F40 000:779.834 - 0.247ms returns 0
TF5E68F40 000:779.840 JLINK_CORESIGHT_ReadAPDPReg(AP reg 0x03)
TF5E68F40 000:780.084   Value=0x00000002
TF5E68F40 000:780.092 - 0.252ms returns 0
TF5E68F40 000:780.098 JLINK_CORESIGHT_ReadAPDPReg(AP reg 0x03)
TF5E68F40 000:780.340   Value=0x00000002
TF5E68F40 000:780.347 - 0.249ms returns 0
TF5E68F40 000:780.353 JLINK_CORESIGHT_ReadAPDPReg(AP reg 0x03)
TF5E68F40 000:780.605   Value=0x00000002
TF5E68F40 000:780.612 - 0.259ms returns 0
TF5E68F40 000:780.618 JLINK_CORESIGHT_ReadAPDPReg(AP reg 0x03)
TF5E68F40 000:780.872   Value=0x00000002
TF5E68F40 000:780.880 - 0.261ms returns 0
TF5E68F40 000:780.885 JLINK_CORESIGHT_ReadAPDPReg(AP reg 0x03)
TF5E68F40 000:781.163   Value=0x00000002
TF5E68F40 000:781.170 - 0.285ms returns 0
TF5E68F40 000:781.176 JLINK_CORESIGHT_ReadAPDPReg(AP reg 0x03)
TF5E68F40 000:781.422   Value=0x00000002
TF5E68F40 000:781.429 - 0.253ms returns 0
TF5E68F40 000:781.435 JLINK_CORESIGHT_ReadAPDPReg(AP reg 0x03)
TF5E68F40 000:781.712   Value=0x00000002
TF5E68F40 000:781.720 - 0.285ms returns 0
TF5E68F40 000:781.726 JLINK_CORESIGHT_ReadAPDPReg(AP reg 0x03)
TF5E68F40 000:782.000   Value=0x00000002
TF5E68F40 000:782.008 - 0.282ms returns 0
TF5E68F40 000:782.014 JLINK_CORESIGHT_ReadAPDPReg(AP reg 0x03)
TF5E68F40 000:782.286   Value=0x00000002
TF5E68F40 000:782.301 - 0.287ms returns 0
TF5E68F40 000:782.309 JLINK_CORESIGHT_ReadAPDPReg(AP reg 0x03)
TF5E68F40 000:782.567   Value=0x00000002
TF5E68F40 000:782.575 - 0.266ms returns 0
TF5E68F40 000:782.581 JLINK_CORESIGHT_ReadAPDPReg(AP reg 0x03)
TF5E68F40 000:782.838   Value=0x00000002
TF5E68F40 000:782.851 - 0.270ms returns 0
TF5E68F40 000:782.859 JLINK_CORESIGHT_ReadAPDPReg(AP reg 0x03)
TF5E68F40 000:783.125   Value=0x00000002
TF5E68F40 000:783.133 - 0.273ms returns 0
TF5E68F40 000:783.141 JLINK_CORESIGHT_ReadAPDPReg(AP reg 0x03)
TF5E68F40 000:783.402   Value=0x00000002
TF5E68F40 000:783.410 - 0.269ms returns 0
TF5E68F40 000:783.419 JLINK_CORESIGHT_ReadAPDPReg(AP reg 0x03)
TF5E68F40 000:783.677   Value=0x00000002
TF5E68F40 000:783.685 - 0.266ms returns 0
TF5E68F40 000:783.693 JLINK_CORESIGHT_ReadAPDPReg(AP reg 0x03)
TF5E68F40 000:783.975   Value=0x00000002
TF5E68F40 000:783.982 - 0.289ms returns 0
TF5E68F40 000:783.991 JLINK_CORESIGHT_ReadAPDPReg(AP reg 0x03)
TF5E68F40 000:784.248   Value=0x00000002
TF5E68F40 000:784.256 - 0.265ms returns 0
TF5E68F40 000:784.262 JLINK_CORESIGHT_ReadAPDPReg(AP reg 0x03)
TF5E68F40 000:784.519   Value=0x00000000
TF5E68F40 000:784.526 - 0.264ms returns 0
TF5E68F40 000:784.533 JLINK_CORESIGHT_WriteAPDPReg(AP reg 0x00, 0x80000002)
TF5E68F40 000:784.762 - 0.229ms returns 0
TF5E68F40 000:784.771 JLINK_CORESIGHT_WriteAPDPReg(AP reg 0x01, 0x80011130)
TF5E68F40 000:784.976 - 0.205ms returns 0
TF5E68F40 000:785.015 JLINK_CORESIGHT_ReadAPDPReg(AP reg 0x03)
TF5E68F40 000:785.350   Value=0x000000C6
TF5E68F40 000:785.363 - 0.348ms returns 0
TF5E68F40 000:785.522 JLINK_CORESIGHT_WriteAPDPReg(AP reg 0x00, 0x80000002)
TF5E68F40 000:785.741 - 0.219ms returns 0
TF5E68F40 000:785.756 JLINK_CORESIGHT_WriteAPDPReg(AP reg 0x01, 0x80011140)
TF5E68F40 000:785.961 - 0.206ms returns 0
TF5E68F40 000:785.968 JLINK_CORESIGHT_ReadAPDPReg(AP reg 0x03)
TF5E68F40 000:786.230   Value=0x00000002
TF5E68F40 000:786.247 - 0.279ms returns 0
TF5E68F40 000:786.251 JLINK_CORESIGHT_WriteAPDPReg(AP reg 0x00, 0x80000002)
TF5E68F40 000:786.491 - 0.240ms returns 0
TF5E68F40 000:786.498 JLINK_CORESIGHT_WriteAPDPReg(AP reg 0x01, 0x80011120)
TF5E68F40 000:786.728 - 0.230ms returns 0
TF5E68F40 000:786.735 JLINK_CORESIGHT_WriteAPDPReg(AP reg 0x03, 0x3A010001)
TF5E68F40 000:786.949 - 0.214ms returns 0
TF5E68F40 000:786.955 JLINK_CORESIGHT_WriteAPDPReg(AP reg 0x00, 0x80000002)
TF5E68F40 000:787.171 - 0.216ms returns 0
TF5E68F40 000:787.177 JLINK_CORESIGHT_WriteAPDPReg(AP reg 0x01, 0x80011140)
TF5E68F40 000:787.393 - 0.216ms returns 0
TF5E68F40 000:787.399 JLINK_CORESIGHT_ReadAPDPReg(AP reg 0x03)
TF5E68F40 000:787.662   Value=0x00000002
TF5E68F40 000:787.670 - 0.270ms returns 0
TF5E68F40 000:787.674 JLINK_CORESIGHT_WriteAPDPReg(AP reg 0x00, 0x80000002)
TF5E68F40 000:787.913 - 0.239ms returns 0
TF5E68F40 000:787.919 JLINK_CORESIGHT_WriteAPDPReg(AP reg 0x01, 0x80011120)
TF5E68F40 000:788.138 - 0.219ms returns 0
TF5E68F40 000:788.144 JLINK_CORESIGHT_WriteAPDPReg(AP reg 0x03, 0x000003C5)
TF5E68F40 000:788.371 - 0.227ms returns 0
TF5E68F40 000:788.377 JLINK_CORESIGHT_WriteAPDPReg(AP reg 0x00, 0x80000002)
TF5E68F40 000:788.590 - 0.213ms returns 0
TF5E68F40 000:788.596 JLINK_CORESIGHT_WriteAPDPReg(AP reg 0x01, 0x80011140)
TF5E68F40 000:788.808 - 0.213ms returns 0
TF5E68F40 000:788.814 JLINK_CORESIGHT_ReadAPDPReg(AP reg 0x03)
TF5E68F40 000:789.076   Value=0x00000002
TF5E68F40 000:789.083 - 0.269ms returns 0
TF5E68F40 000:789.088 JLINK_CORESIGHT_ReadAPDPReg(AP reg 0x03)
TF5E68F40 000:789.371   Value=0x00000002
TF5E68F40 000:789.379 - 0.292ms returns 0
TF5E68F40 000:789.383 JLINK_CORESIGHT_ReadAPDPReg(AP reg 0x03)
TF5E68F40 000:789.630   Value=0x00000002
TF5E68F40 000:789.637 - 0.254ms returns 0
TF5E68F40 000:789.642 JLINK_CORESIGHT_ReadAPDPReg(AP reg 0x03)
TF5E68F40 000:789.907   Value=0x00000002
TF5E68F40 000:789.915 - 0.272ms returns 0
TF5E68F40 000:789.919 JLINK_CORESIGHT_ReadAPDPReg(AP reg 0x03)
TF5E68F40 000:790.181   Value=0x00000002
TF5E68F40 000:790.189 - 0.270ms returns 0
TF5E68F40 000:790.193 JLINK_CORESIGHT_ReadAPDPReg(AP reg 0x03)
TF5E68F40 000:790.456   Value=0x00000002
TF5E68F40 000:790.464 - 0.271ms returns 0
TF5E68F40 000:790.469 JLINK_CORESIGHT_ReadAPDPReg(AP reg 0x03)
TF5E68F40 000:790.728   Value=0x00000002
TF5E68F40 000:790.735 - 0.266ms returns 0
TF5E68F40 000:790.740 JLINK_CORESIGHT_ReadAPDPReg(AP reg 0x03)
TF5E68F40 000:791.011   Value=0x00000002
TF5E68F40 000:791.019 - 0.279ms returns 0
TF5E68F40 000:791.023 JLINK_CORESIGHT_ReadAPDPReg(AP reg 0x03)
TF5E68F40 000:791.283   Value=0x00000002
TF5E68F40 000:791.291 - 0.268ms returns 0
TF5E68F40 000:791.295 JLINK_CORESIGHT_ReadAPDPReg(AP reg 0x03)
TF5E68F40 000:791.538   Value=0x00000002
TF5E68F40 000:791.546 - 0.251ms returns 0
TF5E68F40 000:791.550 JLINK_CORESIGHT_ReadAPDPReg(AP reg 0x03)
TF5E68F40 000:791.834   Value=0x00000002
TF5E68F40 000:791.841 - 0.291ms returns 0
TF5E68F40 000:791.846 JLINK_CORESIGHT_ReadAPDPReg(AP reg 0x03)
TF5E68F40 000:792.111   Value=0x00000002
TF5E68F40 000:792.120 - 0.274ms returns 0
TF5E68F40 000:792.127 JLINK_CORESIGHT_ReadAPDPReg(AP reg 0x03)
TF5E68F40 000:792.427   Value=0x00000002
TF5E68F40 000:792.435 - 0.308ms returns 0
TF5E68F40 000:792.440 JLINK_CORESIGHT_ReadAPDPReg(AP reg 0x03)
TF5E68F40 000:792.700   Value=0x00000000
TF5E68F40 000:792.708 - 0.268ms returns 0
TF5E68F40 000:792.713 JLINK_CORESIGHT_WriteAPDPReg(AP reg 0x00, 0x80000002)
TF5E68F40 000:792.946 - 0.233ms returns 0
TF5E68F40 000:792.952 JLINK_CORESIGHT_WriteAPDPReg(AP reg 0x01, 0x80011130)
TF5E68F40 000:793.188 - 0.237ms returns 0
TF5E68F40 000:793.194 JLINK_CORESIGHT_ReadAPDPReg(AP reg 0x03)
TF5E68F40 000:793.462   Value=0x3A2A0081
TF5E68F40 000:793.470 - 0.276ms returns 0
TF5E68F40 000:793.475 JLINK_CORESIGHT_WriteAPDPReg(AP reg 0x00, 0x80000002)
TF5E68F40 000:793.678 - 0.203ms returns 0
TF5E68F40 000:793.684 JLINK_CORESIGHT_WriteAPDPReg(AP reg 0x01, 0x80011140)
TF5E68F40 000:793.896 - 0.212ms returns 0
TF5E68F40 000:793.917 JLINK_CORESIGHT_ReadAPDPReg(AP reg 0x03)
TF5E68F40 000:794.187   Value=0x00000000
TF5E68F40 000:794.195 - 0.278ms returns 0
TF5E68F40 000:794.200 JLINK_CORESIGHT_WriteAPDPReg(AP reg 0x00, 0x80000002)
TF5E68F40 000:794.425 - 0.225ms returns 0
TF5E68F40 000:794.431 JLINK_CORESIGHT_WriteAPDPReg(AP reg 0x01, 0x80011130)
TF5E68F40 000:794.645 - 0.214ms returns 0
TF5E68F40 000:794.652 JLINK_CORESIGHT_ReadAPDPReg(AP reg 0x03)
TF5E68F40 000:794.960   Value=0x808D5B00
TF5E68F40 000:794.969 - 0.317ms returns 0
TF5E68F40 000:794.974 JLINK_CORESIGHT_WriteAPDPReg(AP reg 0x00, 0x80000002)
TF5E68F40 000:795.194 - 0.220ms returns 0
TF5E68F40 000:795.200 JLINK_CORESIGHT_WriteAPDPReg(AP reg 0x01, 0x80011140)
TF5E68F40 000:795.408 - 0.208ms returns 0
TF5E68F40 000:795.415 JLINK_CORESIGHT_ReadAPDPReg(AP reg 0x03)
TF5E68F40 000:795.680   Value=0x00000000
TF5E68F40 000:795.688 - 0.273ms returns 0
TF5E68F40 000:795.693 JLINK_CORESIGHT_WriteAPDPReg(AP reg 0x00, 0x80000002)
TF5E68F40 000:795.903 - 0.210ms returns 0
TF5E68F40 000:795.909 JLINK_CORESIGHT_WriteAPDPReg(AP reg 0x01, 0x80011130)
TF5E68F40 000:796.125 - 0.215ms returns 0
TF5E68F40 000:796.131 JLINK_CORESIGHT_ReadAPDPReg(AP reg 0x03)
TF5E68F40 000:796.391   Value=0x0406070A
TF5E68F40 000:796.402 - 0.271ms returns 0
TF5E68F40 000:796.407 JLINK_CORESIGHT_WriteAPDPReg(AP reg 0x00, 0x80000002)
TF5E68F40 000:796.632 - 0.225ms returns 0
TF5E68F40 000:796.642 JLINK_CORESIGHT_WriteAPDPReg(AP reg 0x01, 0x80011140)
TF5E68F40 000:796.865 - 0.223ms returns 0
TF5E68F40 000:796.872 JLINK_CORESIGHT_ReadAPDPReg(AP reg 0x03)
TF5E68F40 000:797.134   Value=0x00000000
TF5E68F40 000:797.143 - 0.271ms returns 0
TF5E68F40 000:797.148 JLINK_CORESIGHT_WriteAPDPReg(AP reg 0x00, 0x80000002)
TF5E68F40 000:797.364 - 0.216ms returns 0
TF5E68F40 000:797.371 JLINK_CORESIGHT_WriteAPDPReg(AP reg 0x01, 0x80011130)
TF5E68F40 000:797.586 - 0.216ms returns 0
TF5E68F40 000:797.593 JLINK_CORESIGHT_ReadAPDPReg(AP reg 0x03)
TF5E68F40 000:797.906   Value=0x3154540B
TF5E68F40 000:797.915 - 0.322ms returns 0
TF5E68F40 000:797.921 JLINK_CORESIGHT_WriteAPDPReg(AP reg 0x00, 0x80000002)
TF5E68F40 000:798.149 - 0.228ms returns 0
TF5E68F40 000:798.167 JLINK_CORESIGHT_WriteAPDPReg(AP reg 0x01, 0x80011140)
TF5E68F40 000:798.420 - 0.253ms returns 0
TF5E68F40 000:798.489 JLINK_CORESIGHT_ReadAPDPReg(AP reg 0x03)
TF5E68F40 000:798.765   Value=0x00000000
TF5E68F40 000:798.774 - 0.285ms returns 0
TF5E68F40 000:798.781 JLINK_CORESIGHT_WriteAPDPReg(AP reg 0x00, 0x80000002)
TF5E68F40 000:798.998 - 0.216ms returns 0
TF5E68F40 000:799.005 JLINK_CORESIGHT_WriteAPDPReg(AP reg 0x01, 0x80011130)
TF5E68F40 000:799.212 - 0.207ms returns 0
TF5E68F40 000:799.219 JLINK_CORESIGHT_ReadAPDPReg(AP reg 0x03)
TF5E68F40 000:799.478   Value=0x54274B77
TF5E68F40 000:799.486 - 0.267ms returns 0
TF5E68F40 000:799.491 JLINK_CORESIGHT_WriteAPDPReg(AP reg 0x00, 0x80000002)
TF5E68F40 000:799.724 - 0.233ms returns 0
TF5E68F40 000:799.735 JLINK_CORESIGHT_WriteAPDPReg(AP reg 0x01, 0x80011140)
TF5E68F40 000:799.946 - 0.211ms returns 0
TF5E68F40 000:799.953 JLINK_CORESIGHT_ReadAPDPReg(AP reg 0x03)
TF5E68F40 000:800.211   Value=0x00000000
TF5E68F40 000:800.220 - 0.267ms returns 0
TF5E68F40 000:800.225 JLINK_CORESIGHT_WriteAPDPReg(AP reg 0x00, 0x80000002)
TF5E68F40 000:800.446 - 0.220ms returns 0
TF5E68F40 000:800.453 JLINK_CORESIGHT_WriteAPDPReg(AP reg 0x01, 0x80011130)
TF5E68F40 000:800.703 - 0.251ms returns 0
TF5E68F40 000:800.709 JLINK_CORESIGHT_ReadAPDPReg(AP reg 0x03)
TF5E68F40 000:800.978   Value=0x37395636
TF5E68F40 000:800.986 - 0.277ms returns 0
TF5E68F40 000:800.991 JLINK_CORESIGHT_WriteAPDPReg(AP reg 0x00, 0x80000002)
TF5E68F40 000:801.207 - 0.216ms returns 0
TF5E68F40 000:801.213 JLINK_CORESIGHT_WriteAPDPReg(AP reg 0x01, 0x80011140)
TF5E68F40 000:801.437 - 0.224ms returns 0
TF5E68F40 000:801.444 JLINK_CORESIGHT_ReadAPDPReg(AP reg 0x03)
TF5E68F40 000:801.713   Value=0x00000000
TF5E68F40 000:801.733 - 0.289ms returns 0
TF5E68F40 000:801.739 JLINK_CORESIGHT_WriteAPDPReg(AP reg 0x00, 0x80000002)
TF5E68F40 000:801.978 - 0.239ms returns 0
TF5E68F40 000:801.985 JLINK_CORESIGHT_WriteAPDPReg(AP reg 0x01, 0x80011130)
TF5E68F40 000:802.194 - 0.209ms returns 0
TF5E68F40 000:802.200 JLINK_CORESIGHT_ReadAPDPReg(AP reg 0x03)
TF5E68F40 000:802.472   Value=0x72012D34
TF5E68F40 000:802.480 - 0.280ms returns 0
TF5E68F40 000:802.485 JLINK_CORESIGHT_WriteAPDPReg(AP reg 0x00, 0x80000002)
TF5E68F40 000:802.696 - 0.210ms returns 0
TF5E68F40 000:802.702 JLINK_CORESIGHT_WriteAPDPReg(AP reg 0x01, 0x80011140)
TF5E68F40 000:802.912 - 0.210ms returns 0
TF5E68F40 000:802.919 JLINK_CORESIGHT_ReadAPDPReg(AP reg 0x03)
TF5E68F40 000:803.182   Value=0x00000000
TF5E68F40 000:803.190 - 0.271ms returns 0
TF5E68F40 000:803.195 JLINK_CORESIGHT_WriteAPDPReg(AP reg 0x00, 0x80000002)
TF5E68F40 000:803.420 - 0.225ms returns 0
TF5E68F40 000:803.426 JLINK_CORESIGHT_WriteAPDPReg(AP reg 0x01, 0x80011130)
TF5E68F40 000:803.662 - 0.236ms returns 0
TF5E68F40 000:803.669 JLINK_CORESIGHT_ReadAPDPReg(AP reg 0x03)
TF5E68F40 000:803.946   Value=0x4B375279
TF5E68F40 000:803.954 - 0.285ms returns 0
TF5E68F40 000:803.959 JLINK_CORESIGHT_WriteAPDPReg(AP reg 0x00, 0x80000002)
TF5E68F40 000:804.179 - 0.220ms returns 0
TF5E68F40 000:804.185 JLINK_CORESIGHT_WriteAPDPReg(AP reg 0x01, 0x80011140)
TF5E68F40 000:804.404 - 0.219ms returns 0
TF5E68F40 000:804.411 JLINK_CORESIGHT_ReadAPDPReg(AP reg 0x03)
TF5E68F40 000:804.677   Value=0x00000000
TF5E68F40 000:804.685 - 0.274ms returns 0
TF5E68F40 000:804.690 JLINK_CORESIGHT_WriteAPDPReg(AP reg 0x00, 0x80000002)
TF5E68F40 000:804.907 - 0.217ms returns 0
TF5E68F40 000:804.914 JLINK_CORESIGHT_WriteAPDPReg(AP reg 0x01, 0x80011130)
TF5E68F40 000:805.133 - 0.220ms returns 0
TF5E68F40 000:805.140 JLINK_CORESIGHT_ReadAPDPReg(AP reg 0x03)
TF5E68F40 000:805.416   Value=0x31503841
TF5E68F40 000:805.424 - 0.284ms returns 0
TF5E68F40 000:805.429 JLINK_CORESIGHT_WriteAPDPReg(AP reg 0x00, 0x80000002)
TF5E68F40 000:805.639 - 0.209ms returns 0
TF5E68F40 000:805.645 JLINK_CORESIGHT_WriteAPDPReg(AP reg 0x01, 0x80011140)
TF5E68F40 000:805.864 - 0.219ms returns 0
TF5E68F40 000:805.871 JLINK_CORESIGHT_ReadAPDPReg(AP reg 0x03)
TF5E68F40 000:806.148   Value=0x00000000
TF5E68F40 000:806.156 - 0.285ms returns 0
TF5E68F40 000:806.170 JLINK_CORESIGHT_WriteAPDPReg(AP reg 0x00, 0x80000002)
TF5E68F40 000:806.406 - 0.236ms returns 0
TF5E68F40 000:806.413 JLINK_CORESIGHT_WriteAPDPReg(AP reg 0x01, 0x80011130)
TF5E68F40 000:806.618 - 0.205ms returns 0
TF5E68F40 000:806.625 JLINK_CORESIGHT_ReadAPDPReg(AP reg 0x03)
TF5E68F40 000:806.902   Value=0x434C464B
TF5E68F40 000:806.913 - 0.288ms returns 0
TF5E68F40 000:806.921 JLINK_CORESIGHT_WriteAPDPReg(AP reg 0x00, 0x80000002)
TF5E68F40 000:807.157 - 0.236ms returns 0
TF5E68F40 000:807.164 JLINK_CORESIGHT_WriteAPDPReg(AP reg 0x01, 0x80011140)
TF5E68F40 000:807.391 - 0.227ms returns 0
TF5E68F40 000:807.400 JLINK_CORESIGHT_ReadAPDPReg(AP reg 0x03)
TF5E68F40 000:807.678   Value=0x00000000
TF5E68F40 000:807.687 - 0.287ms returns 0
TF5E68F40 000:807.692 JLINK_CORESIGHT_WriteAPDPReg(AP reg 0x00, 0x80000002)
TF5E68F40 000:807.908 - 0.216ms returns 0
TF5E68F40 000:807.914 JLINK_CORESIGHT_WriteAPDPReg(AP reg 0x01, 0x80011130)
TF5E68F40 000:808.151 - 0.237ms returns 0
TF5E68F40 000:808.161 JLINK_CORESIGHT_ReadAPDPReg(AP reg 0x03)
TF5E68F40 000:808.450   Value=0x20204341
TF5E68F40 000:808.459 - 0.298ms returns 0
TF5E68F40 000:808.464 JLINK_CORESIGHT_WriteAPDPReg(AP reg 0x00, 0x80000002)
TF5E68F40 000:808.686 - 0.223ms returns 0
TF5E68F40 000:808.693 JLINK_CORESIGHT_WriteAPDPReg(AP reg 0x01, 0x80011140)
TF5E68F40 000:808.890 - 0.198ms returns 0
TF5E68F40 000:808.900 JLINK_CORESIGHT_ReadAPDPReg(AP reg 0x03)
TF5E68F40 000:809.162   Value=0x00000000
TF5E68F40 000:809.170 - 0.270ms returns 0
TF5E68F40 000:809.175 JLINK_CORESIGHT_WriteAPDPReg(AP reg 0x00, 0x80000002)
TF5E68F40 000:809.399 - 0.224ms returns 0
TF5E68F40 000:809.406 JLINK_CORESIGHT_WriteAPDPReg(AP reg 0x01, 0x80011130)
TF5E68F40 000:809.667 - 0.261ms returns 0
TF5E68F40 000:809.681 JLINK_CORESIGHT_ReadAPDPReg(AP reg 0x03)
TF5E68F40 000:809.965   Value=0x0003DD20
TF5E68F40 000:809.973 - 0.292ms returns 0
TF5E68F40 000:810.125 JLINK_CORESIGHT_WriteAPDPReg(AP reg 0x00, 0x80000002)
TF5E68F40 000:810.337 - 0.212ms returns 0
TF5E68F40 000:810.343 JLINK_CORESIGHT_WriteAPDPReg(AP reg 0x01, 0x80011140)
TF5E68F40 000:810.566 - 0.222ms returns 0
TF5E68F40 000:810.572 JLINK_CORESIGHT_ReadAPDPReg(AP reg 0x03)
TF5E68F40 000:810.884   Value=0x00000002
TF5E68F40 000:810.892 - 0.320ms returns 0
TF5E68F40 000:810.897 JLINK_CORESIGHT_WriteAPDPReg(AP reg 0x00, 0x80000002)
TF5E68F40 000:811.124 - 0.227ms returns 0
TF5E68F40 000:811.131 JLINK_CORESIGHT_WriteAPDPReg(AP reg 0x01, 0x80011120)
TF5E68F40 000:811.339 - 0.208ms returns 0
TF5E68F40 000:811.346 JLINK_CORESIGHT_WriteAPDPReg(AP reg 0x03, 0x39020001)
TF5E68F40 000:811.548 - 0.202ms returns 0
TF5E68F40 000:811.555 JLINK_CORESIGHT_WriteAPDPReg(AP reg 0x00, 0x80000002)
TF5E68F40 000:811.758 - 0.203ms returns 0
TF5E68F40 000:811.764 JLINK_CORESIGHT_WriteAPDPReg(AP reg 0x01, 0x80011140)
TF5E68F40 000:811.958 - 0.194ms returns 0
TF5E68F40 000:811.964 JLINK_CORESIGHT_ReadAPDPReg(AP reg 0x03)
TF5E68F40 000:812.221   Value=0x00000002
TF5E68F40 000:812.229 - 0.265ms returns 0
TF5E68F40 000:812.234 JLINK_CORESIGHT_WriteAPDPReg(AP reg 0x00, 0x80000002)
TF5E68F40 000:812.509 - 0.275ms returns 0
TF5E68F40 000:812.515 JLINK_CORESIGHT_WriteAPDPReg(AP reg 0x01, 0x80011120)
TF5E68F40 000:812.724 - 0.209ms returns 0
TF5E68F40 000:812.730 JLINK_CORESIGHT_WriteAPDPReg(AP reg 0x03, 0x0003B312)
TF5E68F40 000:812.933 - 0.203ms returns 0
TF5E68F40 000:812.940 JLINK_CORESIGHT_WriteAPDPReg(AP reg 0x00, 0x80000002)
TF5E68F40 000:813.140 - 0.200ms returns 0
TF5E68F40 000:813.147 JLINK_CORESIGHT_WriteAPDPReg(AP reg 0x01, 0x80011140)
TF5E68F40 000:813.358 - 0.212ms returns 0
TF5E68F40 000:813.365 JLINK_CORESIGHT_ReadAPDPReg(AP reg 0x03)
TF5E68F40 000:813.632   Value=0x00000000
TF5E68F40 000:813.641 - 0.276ms returns 0
TF5E68F40 000:813.646 JLINK_CORESIGHT_WriteAPDPReg(AP reg 0x00, 0x80000002)
TF5E68F40 000:813.856 - 0.210ms returns 0
TF5E68F40 000:813.863 JLINK_CORESIGHT_WriteAPDPReg(AP reg 0x01, 0x80011130)
TF5E68F40 000:814.079 - 0.215ms returns 0
TF5E68F40 000:814.088 JLINK_CORESIGHT_ReadAPDPReg(AP reg 0x03)
TF5E68F40 000:814.380   Value=0xB90A0081
TF5E68F40 000:814.400 - 0.312ms returns 0
TF5E68F40 000:814.407 JLINK_CORESIGHT_WriteAPDPReg(AP reg 0x00, 0x80000002)
TF5E68F40 000:814.708 - 0.301ms returns 0
TF5E68F40 000:814.725 JLINK_CORESIGHT_WriteAPDPReg(AP reg 0x01, 0x80011140)
TF5E68F40 000:814.944 - 0.219ms returns 0
TF5E68F40 000:814.952 JLINK_CORESIGHT_ReadAPDPReg(AP reg 0x03)
TF5E68F40 000:815.203   Value=0x00000000
TF5E68F40 000:815.213 - 0.261ms returns 0
TF5E68F40 000:815.222 JLINK_CORESIGHT_WriteAPDPReg(AP reg 0x00, 0x80000002)
TF5E68F40 000:815.449 - 0.227ms returns 0
TF5E68F40 000:815.458 JLINK_CORESIGHT_WriteAPDPReg(AP reg 0x01, 0x80011130)
TF5E68F40 000:815.660 - 0.202ms returns 0
TF5E68F40 000:815.668 JLINK_CORESIGHT_ReadAPDPReg(AP reg 0x03)
TF5E68F40 000:815.928   Value=0xFFFFFFC0
TF5E68F40 000:815.937 - 0.269ms returns 0
TF5E68F40 000:815.944 JLINK_CORESIGHT_WriteAPDPReg(AP reg 0x00, 0x80000002)
TF5E68F40 000:816.171 - 0.226ms returns 0
TF5E68F40 000:816.179 JLINK_CORESIGHT_WriteAPDPReg(AP reg 0x01, 0x80011140)
TF5E68F40 000:816.449 - 0.270ms returns 0
TF5E68F40 000:816.458 JLINK_CORESIGHT_ReadAPDPReg(AP reg 0x03)
TF5E68F40 000:816.724   Value=0x00000000
TF5E68F40 000:816.734 - 0.276ms returns 0
TF5E68F40 000:816.741 JLINK_CORESIGHT_WriteAPDPReg(AP reg 0x00, 0x80000002)
TF5E68F40 000:816.951 - 0.210ms returns 0
TF5E68F40 000:816.960 JLINK_CORESIGHT_WriteAPDPReg(AP reg 0x01, 0x80011130)
TF5E68F40 000:817.174 - 0.213ms returns 0
TF5E68F40 000:817.182 JLINK_CORESIGHT_ReadAPDPReg(AP reg 0x03)
TF5E68F40 000:817.447   Value=0xFFFFFFFF
TF5E68F40 000:817.456 - 0.274ms returns 0
TF5E68F40 000:817.462 JLINK_CORESIGHT_WriteAPDPReg(AP reg 0x00, 0x80000002)
TF5E68F40 000:817.671 - 0.209ms returns 0
TF5E68F40 000:817.693 JLINK_CORESIGHT_WriteAPDPReg(AP reg 0x01, 0x80011140)
TF5E68F40 000:817.904 - 0.211ms returns 0
TF5E68F40 000:817.912 JLINK_CORESIGHT_ReadAPDPReg(AP reg 0x03)
TF5E68F40 000:818.163   Value=0x00000000
TF5E68F40 000:818.171 - 0.259ms returns 0
TF5E68F40 000:818.177 JLINK_CORESIGHT_WriteAPDPReg(AP reg 0x00, 0x80000002)
TF5E68F40 000:818.404 - 0.227ms returns 0
TF5E68F40 000:818.412 JLINK_CORESIGHT_WriteAPDPReg(AP reg 0x01, 0x80011130)
TF5E68F40 000:818.627 - 0.215ms returns 0
TF5E68F40 000:818.637 JLINK_CORESIGHT_ReadAPDPReg(AP reg 0x03)
TF5E68F40 000:818.929   Value=0x000385FF
TF5E68F40 000:818.937 - 0.300ms returns 0
TF5E68F40 000:819.143 JLINK_CORESIGHT_WriteAPDPReg(AP reg 0x00, 0x80000002)
TF5E68F40 000:819.400 - 0.257ms returns 0
TF5E68F40 000:819.406 JLINK_CORESIGHT_WriteAPDPReg(AP reg 0x01, 0x80011140)
TF5E68F40 000:819.626 - 0.220ms returns 0
TF5E68F40 000:819.632 JLINK_CORESIGHT_ReadAPDPReg(AP reg 0x03)
TF5E68F40 000:819.907   Value=0x00000002
TF5E68F40 000:819.914 - 0.282ms returns 0
TF5E68F40 000:819.919 JLINK_CORESIGHT_WriteAPDPReg(AP reg 0x00, 0x80000002)
TF5E68F40 000:820.136 - 0.217ms returns 0
TF5E68F40 000:820.142 JLINK_CORESIGHT_WriteAPDPReg(AP reg 0x01, 0x80011120)
TF5E68F40 000:820.391 - 0.249ms returns 0
TF5E68F40 000:820.397 JLINK_CORESIGHT_WriteAPDPReg(AP reg 0x03, 0x2C010001)
TF5E68F40 000:820.605 - 0.208ms returns 0
TF5E68F40 000:820.612 JLINK_CORESIGHT_WriteAPDPReg(AP reg 0x00, 0x80000002)
TF5E68F40 000:820.824 - 0.212ms returns 0
TF5E68F40 000:820.829 JLINK_CORESIGHT_WriteAPDPReg(AP reg 0x01, 0x80011140)
TF5E68F40 000:821.023 - 0.194ms returns 0
TF5E68F40 000:821.029 JLINK_CORESIGHT_ReadAPDPReg(AP reg 0x03)
TF5E68F40 000:821.361   Value=0x00000002
TF5E68F40 000:821.369 - 0.340ms returns 0
TF5E68F40 000:821.374 JLINK_CORESIGHT_WriteAPDPReg(AP reg 0x00, 0x80000002)
TF5E68F40 000:821.579 - 0.204ms returns 0
TF5E68F40 000:821.586 JLINK_CORESIGHT_WriteAPDPReg(AP reg 0x01, 0x80011120)
TF5E68F40 000:821.796 - 0.211ms returns 0
TF5E68F40 000:821.802 JLINK_CORESIGHT_WriteAPDPReg(AP reg 0x03, 0x000003D3)
TF5E68F40 000:822.122 - 0.320ms returns 0
TF5E68F40 000:822.143 JLINK_CORESIGHT_WriteAPDPReg(AP reg 0x00, 0x80000002)
TF5E68F40 000:822.351 - 0.207ms returns 0
TF5E68F40 000:822.362 JLINK_CORESIGHT_WriteAPDPReg(AP reg 0x01, 0x80011140)
TF5E68F40 000:822.619 - 0.257ms returns 0
TF5E68F40 000:822.632 JLINK_CORESIGHT_ReadAPDPReg(AP reg 0x03)
TF5E68F40 000:822.894   Value=0x00000002
TF5E68F40 000:822.902 - 0.271ms returns 0
TF5E68F40 000:822.907 JLINK_CORESIGHT_ReadAPDPReg(AP reg 0x03)
TF5E68F40 000:823.156   Value=0x00000002
TF5E68F40 000:823.164 - 0.257ms returns 0
TF5E68F40 000:823.168 JLINK_CORESIGHT_ReadAPDPReg(AP reg 0x03)
TF5E68F40 000:823.473   Value=0x00000002
TF5E68F40 000:823.481 - 0.313ms returns 0
TF5E68F40 000:823.486 JLINK_CORESIGHT_ReadAPDPReg(AP reg 0x03)
TF5E68F40 000:823.731   Value=0x00000002
TF5E68F40 000:823.738 - 0.252ms returns 0
TF5E68F40 000:823.743 JLINK_CORESIGHT_ReadAPDPReg(AP reg 0x03)
TF5E68F40 000:824.000   Value=0x00000002
TF5E68F40 000:824.007 - 0.264ms returns 0
TF5E68F40 000:824.011 JLINK_CORESIGHT_ReadAPDPReg(AP reg 0x03)
TF5E68F40 000:824.336   Value=0x00000002
TF5E68F40 000:824.344 - 0.333ms returns 0
TF5E68F40 000:824.348 JLINK_CORESIGHT_ReadAPDPReg(AP reg 0x03)
TF5E68F40 000:824.605   Value=0x00000002
TF5E68F40 000:824.612 - 0.264ms returns 0
TF5E68F40 000:824.617 JLINK_CORESIGHT_ReadAPDPReg(AP reg 0x03)
TF5E68F40 000:824.875   Value=0x00000002
TF5E68F40 000:824.883 - 0.266ms returns 0
TF5E68F40 000:824.887 JLINK_CORESIGHT_ReadAPDPReg(AP reg 0x03)
TF5E68F40 000:825.151   Value=0x00000002
TF5E68F40 000:825.159 - 0.271ms returns 0
TF5E68F40 000:825.163 JLINK_CORESIGHT_ReadAPDPReg(AP reg 0x03)
TF5E68F40 000:825.450   Value=0x00000000
TF5E68F40 000:825.458 - 0.295ms returns 0
TF5E68F40 000:825.462 JLINK_CORESIGHT_WriteAPDPReg(AP reg 0x00, 0x80000002)
TF5E68F40 000:825.687 - 0.225ms returns 0
TF5E68F40 000:825.693 JLINK_CORESIGHT_WriteAPDPReg(AP reg 0x01, 0x80011130)
TF5E68F40 000:825.925 - 0.232ms returns 0
TF5E68F40 000:825.931 JLINK_CORESIGHT_ReadAPDPReg(AP reg 0x03)
TF5E68F40 000:826.204   Value=0x2C020081
TF5E68F40 000:826.212 - 0.281ms returns 0
TF5E68F40 000:826.217 JLINK_CORESIGHT_WriteAPDPReg(AP reg 0x00, 0x80000002)
TF5E68F40 000:826.454 - 0.237ms returns 0
TF5E68F40 000:826.460 JLINK_CORESIGHT_WriteAPDPReg(AP reg 0x01, 0x80011140)
TF5E68F40 000:826.662 - 0.202ms returns 0
TF5E68F40 000:826.668 JLINK_CORESIGHT_ReadAPDPReg(AP reg 0x03)
TF5E68F40 000:826.945   Value=0x00000000
TF5E68F40 000:826.953 - 0.285ms returns 0
TF5E68F40 000:826.957 JLINK_CORESIGHT_WriteAPDPReg(AP reg 0x00, 0x80000002)
TF5E68F40 000:827.183 - 0.226ms returns 0
TF5E68F40 000:827.189 JLINK_CORESIGHT_WriteAPDPReg(AP reg 0x01, 0x80011130)
TF5E68F40 000:827.417 - 0.228ms returns 0
TF5E68F40 000:827.423 JLINK_CORESIGHT_ReadAPDPReg(AP reg 0x03)
TF5E68F40 000:827.670   Value=0x0003CE04
TF5E68F40 000:827.678 - 0.255ms returns 0
TF5E68F40 000:827.685 JLINK_CORESIGHT_WriteAPDPReg(AP reg 0x00, 0x80000002)
TF5E68F40 000:827.905 - 0.220ms returns 0
TF5E68F40 000:827.911 JLINK_CORESIGHT_WriteAPDPReg(AP reg 0x01, 0x80011140)
TF5E68F40 000:828.138 - 0.226ms returns 0
TF5E68F40 000:828.144 JLINK_CORESIGHT_ReadAPDPReg(AP reg 0x03)
TF5E68F40 000:828.408   Value=0x00000002
TF5E68F40 000:828.416 - 0.272ms returns 0
TF5E68F40 000:828.420 JLINK_CORESIGHT_WriteAPDPReg(AP reg 0x00, 0x80000002)
TF5E68F40 000:828.626 - 0.205ms returns 0
TF5E68F40 000:828.632 JLINK_CORESIGHT_WriteAPDPReg(AP reg 0x01, 0x80011120)
TF5E68F40 000:828.836 - 0.205ms returns 0
TF5E68F40 000:828.842 JLINK_CORESIGHT_WriteAPDPReg(AP reg 0x03, 0x73010001)
TF5E68F40 000:829.045 - 0.203ms returns 0
TF5E68F40 000:829.052 JLINK_CORESIGHT_WriteAPDPReg(AP reg 0x00, 0x80000002)
TF5E68F40 000:829.264 - 0.212ms returns 0
TF5E68F40 000:829.270 JLINK_CORESIGHT_WriteAPDPReg(AP reg 0x01, 0x80011140)
TF5E68F40 000:829.500 - 0.230ms returns 0
TF5E68F40 000:829.507 JLINK_CORESIGHT_ReadAPDPReg(AP reg 0x03)
TF5E68F40 000:829.780   Value=0x00000002
TF5E68F40 000:829.789 - 0.282ms returns 0
TF5E68F40 000:829.794 JLINK_CORESIGHT_WriteAPDPReg(AP reg 0x00, 0x80000002)
TF5E68F40 000:830.012 - 0.218ms returns 0
TF5E68F40 000:830.019 JLINK_CORESIGHT_WriteAPDPReg(AP reg 0x01, 0x80011120)
TF5E68F40 000:830.228 - 0.209ms returns 0
TF5E68F40 000:830.234 JLINK_CORESIGHT_WriteAPDPReg(AP reg 0x03, 0x0000038C)
TF5E68F40 000:830.436 - 0.202ms returns 0
TF5E68F40 000:830.442 JLINK_CORESIGHT_WriteAPDPReg(AP reg 0x00, 0x80000002)
TF5E68F40 000:830.661 - 0.219ms returns 0
TF5E68F40 000:830.668 JLINK_CORESIGHT_WriteAPDPReg(AP reg 0x01, 0x80011140)
TF5E68F40 000:830.871 - 0.203ms returns 0
TF5E68F40 000:830.877 JLINK_CORESIGHT_ReadAPDPReg(AP reg 0x03)
TF5E68F40 000:831.238   Value=0x00000002
TF5E68F40 000:831.249 - 0.372ms returns 0
TF5E68F40 000:831.254 JLINK_CORESIGHT_ReadAPDPReg(AP reg 0x03)
TF5E68F40 000:831.487   Value=0x00000002
TF5E68F40 000:831.495 - 0.241ms returns 0
TF5E68F40 000:831.499 JLINK_CORESIGHT_ReadAPDPReg(AP reg 0x03)
TF5E68F40 000:831.758   Value=0x00000002
TF5E68F40 000:831.766 - 0.267ms returns 0
TF5E68F40 000:831.770 JLINK_CORESIGHT_ReadAPDPReg(AP reg 0x03)
TF5E68F40 000:832.026   Value=0x00000002
TF5E68F40 000:832.033 - 0.263ms returns 0
TF5E68F40 000:832.037 JLINK_CORESIGHT_ReadAPDPReg(AP reg 0x03)
TF5E68F40 000:832.329   Value=0x00000002
TF5E68F40 000:832.337 - 0.300ms returns 0
TF5E68F40 000:832.341 JLINK_CORESIGHT_ReadAPDPReg(AP reg 0x03)
TF5E68F40 000:832.621   Value=0x00000002
TF5E68F40 000:832.629 - 0.288ms returns 0
TF5E68F40 000:832.633 JLINK_CORESIGHT_ReadAPDPReg(AP reg 0x03)
TF5E68F40 000:832.893   Value=0x00000002
TF5E68F40 000:832.901 - 0.268ms returns 0
TF5E68F40 000:832.906 JLINK_CORESIGHT_ReadAPDPReg(AP reg 0x03)
TF5E68F40 000:833.167   Value=0x00000000
TF5E68F40 000:833.175 - 0.269ms returns 0
TF5E68F40 000:833.179 JLINK_CORESIGHT_WriteAPDPReg(AP reg 0x00, 0x80000002)
TF5E68F40 000:833.381 - 0.202ms returns 0
TF5E68F40 000:833.387 JLINK_CORESIGHT_WriteAPDPReg(AP reg 0x01, 0x80011130)
TF5E68F40 000:833.588 - 0.201ms returns 0
TF5E68F40 000:833.594 JLINK_CORESIGHT_ReadAPDPReg(AP reg 0x03)
TF5E68F40 000:833.850   Value=0x73020081
TF5E68F40 000:833.857 - 0.263ms returns 0
TF5E68F40 000:833.862 JLINK_CORESIGHT_WriteAPDPReg(AP reg 0x00, 0x80000002)
TF5E68F40 000:834.164 - 0.302ms returns 0
TF5E68F40 000:834.170 JLINK_CORESIGHT_WriteAPDPReg(AP reg 0x01, 0x80011140)
TF5E68F40 000:834.387 - 0.217ms returns 0
TF5E68F40 000:834.393 JLINK_CORESIGHT_ReadAPDPReg(AP reg 0x03)
TF5E68F40 000:834.666   Value=0x00000000
TF5E68F40 000:834.674 - 0.281ms returns 0
TF5E68F40 000:834.679 JLINK_CORESIGHT_WriteAPDPReg(AP reg 0x00, 0x80000002)
TF5E68F40 000:834.904 - 0.226ms returns 0
TF5E68F40 000:834.912 JLINK_CORESIGHT_WriteAPDPReg(AP reg 0x01, 0x80011130)
TF5E68F40 000:835.136 - 0.224ms returns 0
TF5E68F40 000:835.142 JLINK_CORESIGHT_ReadAPDPReg(AP reg 0x03)
TF5E68F40 000:835.413   Value=0x00038902
TF5E68F40 000:835.420 - 0.278ms returns 0
TF5E68F40 000:835.426 JLINK_CORESIGHT_WriteAPDPReg(AP reg 0x00, 0x80000002)
TF5E68F40 000:835.663 - 0.237ms returns 0
TF5E68F40 000:835.670 JLINK_CORESIGHT_WriteAPDPReg(AP reg 0x01, 0x80011140)
TF5E68F40 000:835.881 - 0.212ms returns 0
TF5E68F40 000:835.887 JLINK_CORESIGHT_ReadAPDPReg(AP reg 0x03)
TF5E68F40 000:836.150   Value=0x00000002
TF5E68F40 000:836.158 - 0.271ms returns 0
TF5E68F40 000:836.163 JLINK_CORESIGHT_WriteAPDPReg(AP reg 0x00, 0x80000002)
TF5E68F40 000:836.374 - 0.212ms returns 0
TF5E68F40 000:836.380 JLINK_CORESIGHT_WriteAPDPReg(AP reg 0x01, 0x80011120)
TF5E68F40 000:836.600 - 0.220ms returns 0
TF5E68F40 000:836.606 JLINK_CORESIGHT_WriteAPDPReg(AP reg 0x03, 0x75010001)
TF5E68F40 000:836.819 - 0.213ms returns 0
TF5E68F40 000:836.826 JLINK_CORESIGHT_WriteAPDPReg(AP reg 0x00, 0x80000002)
TF5E68F40 000:837.123 - 0.297ms returns 0
TF5E68F40 000:837.142 JLINK_CORESIGHT_WriteAPDPReg(AP reg 0x01, 0x80011140)
TF5E68F40 000:837.378 - 0.236ms returns 0
TF5E68F40 000:837.394 JLINK_CORESIGHT_ReadAPDPReg(AP reg 0x03)
TF5E68F40 000:837.691   Value=0x00000002
TF5E68F40 000:837.700 - 0.306ms returns 0
TF5E68F40 000:837.705 JLINK_CORESIGHT_WriteAPDPReg(AP reg 0x00, 0x80000002)
TF5E68F40 000:837.931 - 0.226ms returns 0
TF5E68F40 000:837.938 JLINK_CORESIGHT_WriteAPDPReg(AP reg 0x01, 0x80011120)
TF5E68F40 000:838.196 - 0.258ms returns 0
TF5E68F40 000:838.203 JLINK_CORESIGHT_WriteAPDPReg(AP reg 0x03, 0x0000038A)
TF5E68F40 000:838.422 - 0.219ms returns 0
TF5E68F40 000:838.427 JLINK_CORESIGHT_WriteAPDPReg(AP reg 0x00, 0x80000002)
TF5E68F40 000:838.654 - 0.227ms returns 0
TF5E68F40 000:838.659 JLINK_CORESIGHT_WriteAPDPReg(AP reg 0x01, 0x80011140)
TF5E68F40 000:838.868 - 0.209ms returns 0
TF5E68F40 000:838.873 JLINK_CORESIGHT_ReadAPDPReg(AP reg 0x03)
TF5E68F40 000:839.136   Value=0x00000002
TF5E68F40 000:839.143 - 0.270ms returns 0
TF5E68F40 000:839.148 JLINK_CORESIGHT_ReadAPDPReg(AP reg 0x03)
TF5E68F40 000:839.391   Value=0x00000002
TF5E68F40 000:839.398 - 0.250ms returns 0
TF5E68F40 000:839.403 JLINK_CORESIGHT_ReadAPDPReg(AP reg 0x03)
TF5E68F40 000:839.647   Value=0x00000002
TF5E68F40 000:839.654 - 0.251ms returns 0
TF5E68F40 000:839.658 JLINK_CORESIGHT_ReadAPDPReg(AP reg 0x03)
TF5E68F40 000:839.916   Value=0x00000002
TF5E68F40 000:839.923 - 0.265ms returns 0
TF5E68F40 000:839.927 JLINK_CORESIGHT_ReadAPDPReg(AP reg 0x03)
TF5E68F40 000:840.195   Value=0x00000000
TF5E68F40 000:840.202 - 0.275ms returns 0
TF5E68F40 000:840.207 JLINK_CORESIGHT_WriteAPDPReg(AP reg 0x00, 0x80000002)
TF5E68F40 000:840.409 - 0.203ms returns 0
TF5E68F40 000:840.416 JLINK_CORESIGHT_WriteAPDPReg(AP reg 0x01, 0x80011130)
TF5E68F40 000:840.617 - 0.200ms returns 0
TF5E68F40 000:840.623 JLINK_CORESIGHT_ReadAPDPReg(AP reg 0x03)
TF5E68F40 000:840.872   Value=0x75020081
TF5E68F40 000:840.879 - 0.256ms returns 0
TF5E68F40 000:840.883 JLINK_CORESIGHT_WriteAPDPReg(AP reg 0x00, 0x80000002)
TF5E68F40 000:841.142 - 0.259ms returns 0
TF5E68F40 000:841.147 JLINK_CORESIGHT_WriteAPDPReg(AP reg 0x01, 0x80011140)
TF5E68F40 000:841.327 - 0.179ms returns 0
TF5E68F40 000:841.332 JLINK_CORESIGHT_ReadAPDPReg(AP reg 0x03)
TF5E68F40 000:841.613   Value=0x00000000
TF5E68F40 000:841.620 - 0.288ms returns 0
TF5E68F40 000:841.624 JLINK_CORESIGHT_WriteAPDPReg(AP reg 0x00, 0x80000002)
TF5E68F40 000:841.836 - 0.212ms returns 0
TF5E68F40 000:841.841 JLINK_CORESIGHT_WriteAPDPReg(AP reg 0x01, 0x80011130)
TF5E68F40 000:842.041 - 0.199ms returns 0
TF5E68F40 000:842.049 JLINK_CORESIGHT_ReadAPDPReg(AP reg 0x03)
TF5E68F40 000:842.318   Value=0x00038702
TF5E68F40 000:842.325 - 0.276ms returns 0
TF5E68F40 000:842.337 JLINK_CORESIGHT_WriteAPDPReg(AP reg 0x00, 0x80000002)
TF5E68F40 000:842.551 - 0.214ms returns 0
TF5E68F40 000:842.556 JLINK_CORESIGHT_WriteAPDPReg(AP reg 0x01, 0x80011140)
TF5E68F40 000:842.766 - 0.209ms returns 0
TF5E68F40 000:842.771 JLINK_CORESIGHT_ReadAPDPReg(AP reg 0x03)
TF5E68F40 000:843.033   Value=0x00000002
TF5E68F40 000:843.039 - 0.268ms returns 0
TF5E68F40 000:843.044 JLINK_CORESIGHT_WriteAPDPReg(AP reg 0x00, 0x80000002)
TF5E68F40 000:843.241 - 0.197ms returns 0
TF5E68F40 000:843.246 JLINK_CORESIGHT_WriteAPDPReg(AP reg 0x01, 0x80011120)
TF5E68F40 000:843.447 - 0.201ms returns 0
TF5E68F40 000:843.453 JLINK_CORESIGHT_WriteAPDPReg(AP reg 0x03, 0x4F010001)
TF5E68F40 000:843.649 - 0.196ms returns 0
TF5E68F40 000:843.654 JLINK_CORESIGHT_WriteAPDPReg(AP reg 0x00, 0x80000002)
TF5E68F40 000:843.854 - 0.200ms returns 0
TF5E68F40 000:843.860 JLINK_CORESIGHT_WriteAPDPReg(AP reg 0x01, 0x80011140)
TF5E68F40 000:844.087 - 0.226ms returns 0
TF5E68F40 000:844.093 JLINK_CORESIGHT_ReadAPDPReg(AP reg 0x03)
TF5E68F40 000:844.380   Value=0x00000002
TF5E68F40 000:844.390 - 0.298ms returns 0
TF5E68F40 000:844.394 JLINK_CORESIGHT_WriteAPDPReg(AP reg 0x00, 0x80000002)
TF5E68F40 000:844.632 - 0.238ms returns 0
TF5E68F40 000:844.674 JLINK_CORESIGHT_WriteAPDPReg(AP reg 0x01, 0x80011120)
TF5E68F40 000:844.978 - 0.305ms returns 0
TF5E68F40 000:844.993 JLINK_CORESIGHT_WriteAPDPReg(AP reg 0x03, 0x000003B0)
TF5E68F40 000:845.250 - 0.257ms returns 0
TF5E68F40 000:845.257 JLINK_CORESIGHT_WriteAPDPReg(AP reg 0x00, 0x80000002)
TF5E68F40 000:845.469 - 0.212ms returns 0
TF5E68F40 000:845.475 JLINK_CORESIGHT_WriteAPDPReg(AP reg 0x01, 0x80011140)
TF5E68F40 000:845.681 - 0.207ms returns 0
TF5E68F40 000:845.687 JLINK_CORESIGHT_ReadAPDPReg(AP reg 0x03)
TF5E68F40 000:845.955   Value=0x00000002
TF5E68F40 000:845.961 - 0.274ms returns 0
TF5E68F40 000:845.965 JLINK_CORESIGHT_ReadAPDPReg(AP reg 0x03)
TF5E68F40 000:846.212   Value=0x00000002
TF5E68F40 000:846.218 - 0.253ms returns 0
TF5E68F40 000:846.222 JLINK_CORESIGHT_ReadAPDPReg(AP reg 0x03)
TF5E68F40 000:846.469   Value=0x00000002
TF5E68F40 000:846.475 - 0.253ms returns 0
TF5E68F40 000:846.479 JLINK_CORESIGHT_ReadAPDPReg(AP reg 0x03)
TF5E68F40 000:846.715   Value=0x00000002
TF5E68F40 000:846.721 - 0.242ms returns 0
TF5E68F40 000:846.725 JLINK_CORESIGHT_ReadAPDPReg(AP reg 0x03)
TF5E68F40 000:846.956   Value=0x00000002
TF5E68F40 000:846.963 - 0.239ms returns 0
TF5E68F40 000:846.967 JLINK_CORESIGHT_ReadAPDPReg(AP reg 0x03)
TF5E68F40 000:847.236   Value=0x00000002
TF5E68F40 000:847.242 - 0.275ms returns 0
TF5E68F40 000:847.246 JLINK_CORESIGHT_ReadAPDPReg(AP reg 0x03)
TF5E68F40 000:847.501   Value=0x00000002
TF5E68F40 000:847.508 - 0.261ms returns 0
TF5E68F40 000:847.511 JLINK_CORESIGHT_ReadAPDPReg(AP reg 0x03)
TF5E68F40 000:847.765   Value=0x00000002
TF5E68F40 000:847.772 - 0.261ms returns 0
TF5E68F40 000:847.776 JLINK_CORESIGHT_ReadAPDPReg(AP reg 0x03)
TF5E68F40 000:848.059   Value=0x00000002
TF5E68F40 000:848.065 - 0.289ms returns 0
TF5E68F40 000:848.071 JLINK_CORESIGHT_ReadAPDPReg(AP reg 0x03)
TF5E68F40 000:848.310   Value=0x00000002
TF5E68F40 000:848.316 - 0.245ms returns 0
TF5E68F40 000:848.325 JLINK_CORESIGHT_ReadAPDPReg(AP reg 0x03)
TF5E68F40 000:848.560   Value=0x00000002
TF5E68F40 000:848.566 - 0.241ms returns 0
TF5E68F40 000:848.571 JLINK_CORESIGHT_ReadAPDPReg(AP reg 0x03)
TF5E68F40 000:848.832   Value=0x00000000
TF5E68F40 000:848.839 - 0.267ms returns 0
TF5E68F40 000:848.844 JLINK_CORESIGHT_WriteAPDPReg(AP reg 0x00, 0x80000002)
TF5E68F40 000:849.073 - 0.230ms returns 0
TF5E68F40 000:849.079 JLINK_CORESIGHT_WriteAPDPReg(AP reg 0x01, 0x80011130)
TF5E68F40 000:849.282 - 0.202ms returns 0
TF5E68F40 000:849.287 JLINK_CORESIGHT_ReadAPDPReg(AP reg 0x03)
TF5E68F40 000:849.547   Value=0x4F0B0081
TF5E68F40 000:849.553 - 0.266ms returns 0
TF5E68F40 000:849.558 JLINK_CORESIGHT_WriteAPDPReg(AP reg 0x00, 0x80000002)
TF5E68F40 000:849.749 - 0.191ms returns 0
TF5E68F40 000:849.756 JLINK_CORESIGHT_WriteAPDPReg(AP reg 0x01, 0x80011140)
TF5E68F40 000:849.999 - 0.243ms returns 0
TF5E68F40 000:850.006 JLINK_CORESIGHT_ReadAPDPReg(AP reg 0x03)
TF5E68F40 000:850.258   Value=0x00000000
TF5E68F40 000:850.265 - 0.259ms returns 0
TF5E68F40 000:850.270 JLINK_CORESIGHT_WriteAPDPReg(AP reg 0x00, 0x80000002)
TF5E68F40 000:850.468 - 0.198ms returns 0
TF5E68F40 000:850.474 JLINK_CORESIGHT_WriteAPDPReg(AP reg 0x01, 0x80011130)
TF5E68F40 000:850.678 - 0.204ms returns 0
TF5E68F40 000:850.684 JLINK_CORESIGHT_ReadAPDPReg(AP reg 0x03)
TF5E68F40 000:850.915   Value=0x20000000
TF5E68F40 000:850.922 - 0.238ms returns 0
TF5E68F40 000:850.927 JLINK_CORESIGHT_WriteAPDPReg(AP reg 0x00, 0x80000002)
TF5E68F40 000:851.125 - 0.198ms returns 0
TF5E68F40 000:851.132 JLINK_CORESIGHT_WriteAPDPReg(AP reg 0x01, 0x80011140)
TF5E68F40 000:851.316 - 0.184ms returns 0
TF5E68F40 000:851.324 JLINK_CORESIGHT_ReadAPDPReg(AP reg 0x03)
TF5E68F40 000:851.580   Value=0x00000000
TF5E68F40 000:851.587 - 0.263ms returns 0
TF5E68F40 000:851.592 JLINK_CORESIGHT_WriteAPDPReg(AP reg 0x00, 0x80000002)
TF5E68F40 000:851.853 - 0.261ms returns 0
TF5E68F40 000:851.862 JLINK_CORESIGHT_WriteAPDPReg(AP reg 0x01, 0x80011130)
TF5E68F40 000:852.083 - 0.220ms returns 0
TF5E68F40 000:852.103 JLINK_CORESIGHT_ReadAPDPReg(AP reg 0x03)
TF5E68F40 000:852.392   Value=0x00000000
TF5E68F40 000:852.400 - 0.297ms returns 0
TF5E68F40 000:852.408 JLINK_CORESIGHT_WriteAPDPReg(AP reg 0x00, 0x80000002)
TF5E68F40 000:852.629 - 0.221ms returns 0
TF5E68F40 000:852.646 JLINK_CORESIGHT_WriteAPDPReg(AP reg 0x01, 0x80011140)
TF5E68F40 000:852.853 - 0.207ms returns 0
TF5E68F40 000:852.861 JLINK_CORESIGHT_ReadAPDPReg(AP reg 0x03)
TF5E68F40 000:853.143   Value=0x00000000
TF5E68F40 000:853.150 - 0.289ms returns 0
TF5E68F40 000:853.156 JLINK_CORESIGHT_WriteAPDPReg(AP reg 0x00, 0x80000002)
TF5E68F40 000:853.362 - 0.206ms returns 0
TF5E68F40 000:853.369 JLINK_CORESIGHT_WriteAPDPReg(AP reg 0x01, 0x80011130)
TF5E68F40 000:853.574 - 0.204ms returns 0
TF5E68F40 000:853.581 JLINK_CORESIGHT_ReadAPDPReg(AP reg 0x03)
TF5E68F40 000:853.838   Value=0x03860000
TF5E68F40 000:853.843 - 0.262ms returns 0
TF5E68F40 000:853.986 JLINK_CORESIGHT_ReadAPDPReg(DP reg 0x01)
TF5E68F40 000:854.192   Value=0xF0000F40
TF5E68F40 000:854.198 - 0.213ms returns 0
TF5E68F40 000:854.201 JLINK_CORESIGHT_WriteAPDPReg(DP reg 0x01, 0xA0000F40)
TF5E68F40 000:854.401 - 0.200ms returns 0
TF5E68F40 000:854.410 JLINK_CORESIGHT_ReadAPDPReg(DP reg 0x01)
TF5E68F40 000:854.623   Value=0x00000F40
TF5E68F40 000:854.628 - 0.218ms returns 0
TF5E68F40 000:854.633 JLINK_ClrRESET()
TF5E68F40 000:854.824 - 0.191ms 
TF5E68F40 000:959.133 JLINK_Close()
TF5E68F40 000:976.061 - 16.927ms
TF5E68F40 000:976.104   
TF5E68F40 000:976.110   Closed
